\BOOKMARK [0][-]{chapter*.1}{\376\377\000R\000e\000s\000u\000m\000o}{}% 1
\BOOKMARK [0][-]{chapter*.2}{\376\377\000A\000b\000s\000t\000r\000a\000c\000t}{}% 2
\BOOKMARK [0][-]{chapter*.3}{\376\377\000A\000c\000k\000n\000o\000w\000l\000e\000d\000g\000e\000m\000e\000n\000t\000s}{}% 3
\BOOKMARK [0][-]{chapter*.4}{\376\377\000L\000i\000s\000t\000a\000\040\000d\000e\000\040\000A\000b\000r\000e\000v\000i\000a\000t\000u\000r\000a\000s\000\040\000e\000\040\000S\000\355\000m\000b\000o\000l\000o\000s}{}% 4
\BOOKMARK [0][-]{section*.5}{\376\377\000\315\000n\000d\000i\000c\000e}{}% 5
\BOOKMARK [0][-]{section*.7}{\376\377\000L\000i\000s\000t\000a\000\040\000d\000e\000\040\000F\000i\000g\000u\000r\000a\000s}{}% 6
\BOOKMARK [0][-]{section*.9}{\376\377\000L\000i\000s\000t\000a\000\040\000d\000e\000\040\000T\000a\000b\000e\000l\000a\000s}{}% 7
\BOOKMARK [0][-]{chapter.1}{\376\377\000I\000n\000t\000r\000o\000d\000u\000c\000t\000i\000o\000n}{}% 8
\BOOKMARK [1][-]{section.1.1}{\376\377\000C\000o\000n\000t\000e\000x\000t\000\040\000a\000n\000d\000\040\000P\000r\000o\000b\000l\000e\000m\000\040\000D\000e\000f\000i\000n\000i\000t\000i\000o\000n}{chapter.1}% 9
\BOOKMARK [1][-]{section.1.2}{\376\377\000O\000b\000j\000e\000c\000t\000i\000v\000e\000s}{chapter.1}% 10
\BOOKMARK [2][-]{subsection.1.2.1}{\376\377\000S\000c\000i\000e\000n\000t\000i\000f\000i\000c\000\040\000O\000b\000j\000e\000c\000t\000i\000v\000e\000s}{section.1.2}% 11
\BOOKMARK [2][-]{subsection.1.2.2}{\376\377\000T\000e\000c\000h\000n\000o\000l\000o\000g\000i\000c\000a\000l\000\040\000O\000b\000j\000e\000c\000t\000i\000v\000e\000s}{section.1.2}% 12
\BOOKMARK [1][-]{section.1.3}{\376\377\000D\000i\000s\000s\000e\000r\000t\000a\000t\000i\000o\000n\000\040\000S\000t\000r\000u\000c\000t\000u\000r\000e}{chapter.1}% 13
\BOOKMARK [0][-]{chapter.2}{\376\377\000S\000t\000a\000t\000e\000\040\000o\000f\000\040\000t\000h\000e\000\040\000A\000r\000t}{}% 14
\BOOKMARK [1][-]{section.2.1}{\376\377\000H\000o\000s\000p\000i\000t\000a\000l\000\040\000M\000e\000d\000i\000c\000a\000t\000i\000o\000n\000\040\000M\000a\000n\000a\000g\000e\000m\000e\000n\000t\000\040\000S\000y\000s\000t\000e\000m\000s}{chapter.2}% 15
\BOOKMARK [2][-]{subsection.2.1.1}{\376\377\000H\000i\000s\000t\000o\000r\000i\000c\000a\000l\000\040\000E\000v\000o\000l\000u\000t\000i\000o\000n}{section.2.1}% 16
\BOOKMARK [2][-]{subsection.2.1.2}{\376\377\000C\000u\000r\000r\000e\000n\000t\000\040\000C\000o\000m\000m\000e\000r\000c\000i\000a\000l\000\040\000S\000y\000s\000t\000e\000m\000s}{section.2.1}% 17
\BOOKMARK [2][-]{subsection.2.1.3}{\376\377\000C\000h\000a\000l\000l\000e\000n\000g\000e\000s\000\040\000o\000f\000\040\000C\000u\000r\000r\000e\000n\000t\000\040\000S\000y\000s\000t\000e\000m\000s}{section.2.1}% 18
\BOOKMARK [1][-]{section.2.2}{\376\377\000M\000e\000d\000i\000c\000a\000t\000i\000o\000n\000\040\000S\000a\000f\000e\000t\000y\000\040\000a\000n\000d\000\040\000E\000m\000e\000r\000g\000i\000n\000g\000\040\000T\000e\000c\000h\000n\000o\000l\000o\000g\000i\000e\000s}{chapter.2}% 19
\BOOKMARK [2][-]{subsection.2.2.1}{\376\377\000C\000l\000i\000n\000i\000c\000a\000l\000\040\000D\000e\000c\000i\000s\000i\000o\000n\000\040\000S\000u\000p\000p\000o\000r\000t\000\040\000S\000y\000s\000t\000e\000m\000s\000\040\000\050\000C\000D\000S\000S\000\051}{section.2.2}% 20
\BOOKMARK [2][-]{subsection.2.2.2}{\376\377\000A\000r\000t\000i\000f\000i\000c\000i\000a\000l\000\040\000I\000n\000t\000e\000l\000l\000i\000g\000e\000n\000c\000e\000\040\000i\000n\000\040\000H\000e\000a\000l\000t\000h\000c\000a\000r\000e}{section.2.2}% 21
\BOOKMARK [2][-]{subsection.2.2.3}{\376\377\000O\000t\000h\000e\000r\000\040\000E\000m\000e\000r\000g\000i\000n\000g\000\040\000T\000e\000c\000h\000n\000o\000l\000o\000g\000i\000e\000s}{section.2.2}% 22
\BOOKMARK [1][-]{section.2.3}{\376\377\000I\000m\000p\000l\000e\000m\000e\000n\000t\000a\000t\000i\000o\000n\000\040\000A\000r\000c\000h\000i\000t\000e\000c\000t\000u\000r\000e\000s\000\040\000a\000n\000d\000\040\000T\000e\000c\000h\000n\000o\000l\000o\000g\000i\000e\000s}{chapter.2}% 23
\BOOKMARK [2][-]{subsection.2.3.1}{\376\377\000A\000r\000c\000h\000i\000t\000e\000c\000t\000u\000r\000a\000l\000\040\000P\000a\000t\000t\000e\000r\000n\000s}{section.2.3}% 24
\BOOKMARK [2][-]{subsection.2.3.2}{\376\377\000S\000t\000a\000n\000d\000a\000r\000d\000s\000\040\000a\000n\000d\000\040\000I\000n\000t\000e\000r\000o\000p\000e\000r\000a\000b\000i\000l\000i\000t\000y}{section.2.3}% 25
\BOOKMARK [1][-]{section.2.4}{\376\377\000G\000a\000p\000s\000\040\000a\000n\000d\000\040\000O\000p\000p\000o\000r\000t\000u\000n\000i\000t\000i\000e\000s}{chapter.2}% 26
\BOOKMARK [1][-]{section.2.5}{\376\377\000C\000o\000n\000c\000l\000u\000s\000i\000o\000n\000\040\000a\000n\000d\000\040\000P\000o\000s\000i\000t\000i\000o\000n\000i\000n\000g}{chapter.2}% 27
\BOOKMARK [0][-]{chapter.3}{\376\377\000P\000l\000a\000n\000o\000\040\000d\000e\000\040\000T\000r\000a\000b\000a\000l\000h\000o}{}% 28
\BOOKMARK [1][-]{section.3.1}{\376\377\000M\000e\000t\000o\000d\000o\000l\000o\000g\000i\000a\000\040\000d\000e\000\040\000D\000e\000s\000e\000n\000v\000o\000l\000v\000i\000m\000e\000n\000t\000o}{chapter.3}% 29
\BOOKMARK [2][-]{subsection.3.1.1}{\376\377\000P\000r\000i\000n\000c\000\355\000p\000i\000o\000s\000\040\000M\000e\000t\000o\000d\000o\000l\000\363\000g\000i\000c\000o\000s}{section.3.1}% 30
\BOOKMARK [1][-]{section.3.2}{\376\377\000F\000a\000s\000e\000s\000\040\000d\000o\000\040\000P\000r\000o\000j\000e\000t\000o}{chapter.3}% 31
\BOOKMARK [2][-]{subsection.3.2.1}{\376\377\000F\000a\000s\000e\000\040\0001\000:\000\040\000A\000n\000\341\000l\000i\000s\000e\000\040\000e\000\040\000P\000l\000a\000n\000e\000a\000m\000e\000n\000t\000o\000\040\000\050\000J\000a\000n\000e\000i\000r\000o\000-\000F\000e\000v\000e\000r\000e\000i\000r\000o\000\040\0002\0000\0002\0005\000\051}{section.3.2}% 32
\BOOKMARK [2][-]{subsection.3.2.2}{\376\377\000F\000a\000s\000e\000\040\0002\000:\000\040\000D\000e\000s\000e\000n\000v\000o\000l\000v\000i\000m\000e\000n\000t\000o\000\040\000d\000a\000\040\000I\000n\000f\000r\000a\000e\000s\000t\000r\000u\000t\000u\000r\000a\000\040\000B\000a\000s\000e\000\040\000\050\000M\000a\000r\000\347\000o\000-\000A\000b\000r\000i\000l\000\040\0002\0000\0002\0005\000\051}{section.3.2}% 33
\BOOKMARK [2][-]{subsection.3.2.3}{\376\377\000F\000a\000s\000e\000\040\0003\000:\000\040\000M\000\363\000d\000u\000l\000o\000\040\000d\000e\000\040\000P\000r\000o\000c\000u\000r\000a\000\040\000e\000\040\000R\000e\000g\000i\000s\000t\000o\000\040\000\050\000M\000a\000i\000o\000-\000J\000u\000n\000h\000o\000\040\0002\0000\0002\0005\000\051}{section.3.2}% 34
\BOOKMARK [2][-]{subsection.3.2.4}{\376\377\000F\000a\000s\000e\000\040\0004\000:\000\040\000M\000\363\000d\000u\000l\000o\000\040\000d\000e\000\040\000F\000a\000r\000m\000\341\000c\000i\000a\000\040\000\050\000J\000u\000l\000h\000o\000-\000A\000g\000o\000s\000t\000o\000\040\0002\0000\0002\0005\000\051}{section.3.2}% 35
\BOOKMARK [2][-]{subsection.3.2.5}{\376\377\000F\000a\000s\000e\000\040\0005\000:\000\040\000I\000n\000t\000e\000g\000r\000a\000\347\000\365\000e\000s\000\040\000E\000x\000t\000e\000r\000n\000a\000s\000\040\000\050\000S\000e\000t\000e\000m\000b\000r\000o\000-\000O\000u\000t\000u\000b\000r\000o\000\040\0002\0000\0002\0005\000\051}{section.3.2}% 36
\BOOKMARK [2][-]{subsection.3.2.6}{\376\377\000F\000a\000s\000e\000\040\0006\000:\000\040\000O\000t\000i\000m\000i\000z\000a\000\347\000\343\000o\000\040\000e\000\040\000T\000e\000s\000t\000e\000s\000\040\000\050\000N\000o\000v\000e\000m\000b\000r\000o\000-\000D\000e\000z\000e\000m\000b\000r\000o\000\040\0002\0000\0002\0005\000\051}{section.3.2}% 37
\BOOKMARK [2][-]{subsection.3.2.7}{\376\377\000F\000a\000s\000e\000\040\0007\000:\000\040\000D\000o\000c\000u\000m\000e\000n\000t\000a\000\347\000\343\000o\000\040\000e\000\040\000P\000r\000e\000p\000a\000r\000a\000\347\000\343\000o\000\040\000p\000a\000r\000a\000\040\000P\000r\000o\000d\000u\000\347\000\343\000o\000\040\000\050\000J\000a\000n\000e\000i\000r\000o\000\040\0002\0000\0002\0005\000\051}{section.3.2}% 38
\BOOKMARK [1][-]{section.3.3}{\376\377\000G\000e\000s\000t\000\343\000o\000\040\000d\000e\000\040\000R\000i\000s\000c\000o\000s}{chapter.3}% 39
\BOOKMARK [2][-]{subsection.3.3.1}{\376\377\000R\000i\000s\000c\000o\000s\000\040\000I\000d\000e\000n\000t\000i\000f\000i\000c\000a\000d\000o\000s\000\040\000e\000\040\000M\000i\000t\000i\000g\000a\000\347\000\365\000e\000s}{section.3.3}% 40
\BOOKMARK [1][-]{section.3.4}{\376\377\000R\000e\000c\000u\000r\000s\000o\000s\000\040\000e\000\040\000E\000q\000u\000i\000p\000a}{chapter.3}% 41
\BOOKMARK [2][-]{subsection.3.4.1}{\376\377\000E\000q\000u\000i\000p\000a\000\040\000T\000\351\000c\000n\000i\000c\000a}{section.3.4}% 42
\BOOKMARK [2][-]{subsection.3.4.2}{\376\377\000E\000q\000u\000i\000p\000a\000\040\000C\000l\000\355\000n\000i\000c\000a}{section.3.4}% 43
\BOOKMARK [2][-]{subsection.3.4.3}{\376\377\000I\000n\000f\000r\000a\000e\000s\000t\000r\000u\000t\000u\000r\000a}{section.3.4}% 44
\BOOKMARK [1][-]{section.3.5}{\376\377\000M\000o\000n\000i\000t\000o\000r\000i\000z\000a\000\347\000\343\000o\000\040\000e\000\040\000C\000o\000n\000t\000r\000o\000l\000o}{chapter.3}% 45
\BOOKMARK [2][-]{subsection.3.5.1}{\376\377\000K\000P\000I\000s\000\040\000d\000o\000\040\000P\000r\000o\000j\000e\000t\000o}{section.3.5}% 46
\BOOKMARK [2][-]{subsection.3.5.2}{\376\377\000R\000e\000u\000n\000i\000\365\000e\000s\000\040\000d\000e\000\040\000A\000c\000o\000m\000p\000a\000n\000h\000a\000m\000e\000n\000t\000o}{section.3.5}% 47
\BOOKMARK [0][-]{chapter.4}{\376\377\000M\000e\000t\000h\000o\000d\000o\000l\000o\000g\000y}{}% 48
\BOOKMARK [1][-]{section.4.1}{\376\377\000M\000e\000t\000h\000o\000d\000o\000l\000o\000g\000i\000c\000a\000l\000\040\000A\000p\000p\000r\000o\000a\000c\000h}{chapter.4}% 49
\BOOKMARK [2][-]{subsection.4.1.1}{\376\377\000R\000e\000s\000e\000a\000r\000c\000h\000\040\000P\000a\000r\000a\000d\000i\000g\000m}{section.4.1}% 50
\BOOKMARK [2][-]{subsection.4.1.2}{\376\377\000R\000e\000s\000e\000a\000r\000c\000h\000\040\000S\000t\000r\000a\000t\000e\000g\000y}{section.4.1}% 51
\BOOKMARK [1][-]{section.4.2}{\376\377\000R\000e\000s\000e\000a\000r\000c\000h\000\040\000D\000e\000s\000i\000g\000n}{chapter.4}% 52
\BOOKMARK [2][-]{subsection.4.2.1}{\376\377\000R\000e\000s\000e\000a\000r\000c\000h\000\040\000Q\000u\000e\000s\000t\000i\000o\000n\000s}{section.4.2}% 53
\BOOKMARK [2][-]{subsection.4.2.2}{\376\377\000R\000e\000s\000e\000a\000r\000c\000h\000\040\000O\000b\000j\000e\000c\000t\000i\000v\000e\000s}{section.4.2}% 54
\BOOKMARK [1][-]{section.4.3}{\376\377\000D\000e\000v\000e\000l\000o\000p\000m\000e\000n\000t\000\040\000M\000e\000t\000h\000o\000d\000o\000l\000o\000g\000y}{chapter.4}% 55
\BOOKMARK [2][-]{subsection.4.3.1}{\376\377\000D\000e\000v\000e\000l\000o\000p\000m\000e\000n\000t\000\040\000M\000o\000d\000e\000l}{section.4.3}% 56
\BOOKMARK [2][-]{subsection.4.3.2}{\376\377\000I\000n\000v\000e\000s\000t\000i\000g\000a\000t\000i\000o\000n\000\040\000P\000h\000a\000s\000e\000s}{section.4.3}% 57
\BOOKMARK [1][-]{section.4.4}{\376\377\000D\000a\000t\000a\000\040\000C\000o\000l\000l\000e\000c\000t\000i\000o\000n\000\040\000M\000e\000t\000h\000o\000d\000s}{chapter.4}% 58
\BOOKMARK [2][-]{subsection.4.4.1}{\376\377\000Q\000u\000a\000n\000t\000i\000t\000a\000t\000i\000v\000e\000\040\000D\000a\000t\000a}{section.4.4}% 59
\BOOKMARK [2][-]{subsection.4.4.2}{\376\377\000Q\000u\000a\000l\000i\000t\000a\000t\000i\000v\000e\000\040\000D\000a\000t\000a}{section.4.4}% 60
\BOOKMARK [1][-]{section.4.5}{\376\377\000E\000v\000a\000l\000u\000a\000t\000i\000o\000n\000\040\000C\000r\000i\000t\000e\000r\000i\000a}{chapter.4}% 61
\BOOKMARK [2][-]{subsection.4.5.1}{\376\377\000E\000f\000f\000e\000c\000t\000i\000v\000e\000n\000e\000s\000s\000\040\000C\000r\000i\000t\000e\000r\000i\000a}{section.4.5}% 62
\BOOKMARK [2][-]{subsection.4.5.2}{\376\377\000A\000c\000c\000e\000p\000t\000a\000n\000c\000e\000\040\000C\000r\000i\000t\000e\000r\000i\000a}{section.4.5}% 63
\BOOKMARK [1][-]{section.4.6}{\376\377\000V\000a\000l\000i\000d\000a\000t\000i\000o\000n\000\040\000a\000n\000d\000\040\000V\000e\000r\000i\000f\000i\000c\000a\000t\000i\000o\000n}{chapter.4}% 64
\BOOKMARK [2][-]{subsection.4.6.1}{\376\377\000F\000u\000n\000c\000t\000i\000o\000n\000a\000l\000\040\000V\000a\000l\000i\000d\000a\000t\000i\000o\000n}{section.4.6}% 65
\BOOKMARK [2][-]{subsection.4.6.2}{\376\377\000C\000l\000i\000n\000i\000c\000a\000l\000\040\000V\000a\000l\000i\000d\000a\000t\000i\000o\000n}{section.4.6}% 66
\BOOKMARK [1][-]{section.4.7}{\376\377\000E\000t\000h\000i\000c\000a\000l\000\040\000C\000o\000n\000s\000i\000d\000e\000r\000a\000t\000i\000o\000n\000s}{chapter.4}% 67
\BOOKMARK [2][-]{subsection.4.7.1}{\376\377\000D\000a\000t\000a\000\040\000P\000r\000o\000t\000e\000c\000t\000i\000o\000n}{section.4.7}% 68
\BOOKMARK [2][-]{subsection.4.7.2}{\376\377\000E\000t\000h\000i\000c\000a\000l\000\040\000A\000p\000p\000r\000o\000v\000a\000l}{section.4.7}% 69
\BOOKMARK [1][-]{section.4.8}{\376\377\000S\000t\000u\000d\000y\000\040\000L\000i\000m\000i\000t\000a\000t\000i\000o\000n\000s}{chapter.4}% 70
\BOOKMARK [2][-]{subsection.4.8.1}{\376\377\000M\000e\000t\000h\000o\000d\000o\000l\000o\000g\000i\000c\000a\000l\000\040\000L\000i\000m\000i\000t\000a\000t\000i\000o\000n\000s}{section.4.8}% 71
\BOOKMARK [2][-]{subsection.4.8.2}{\376\377\000T\000e\000c\000h\000n\000i\000c\000a\000l\000\040\000L\000i\000m\000i\000t\000a\000t\000i\000o\000n\000s}{section.4.8}% 72
\BOOKMARK [1][-]{section.4.9}{\376\377\000E\000x\000e\000c\000u\000t\000i\000o\000n\000\040\000T\000i\000m\000e\000l\000i\000n\000e}{chapter.4}% 73
\BOOKMARK [0][-]{chapter.5}{\376\377\000R\000e\000s\000u\000l\000t\000a\000d\000o\000s}{}% 74
\BOOKMARK [1][-]{section.5.1}{\376\377\000A\000r\000q\000u\000i\000t\000e\000t\000u\000r\000a\000\040\000d\000o\000\040\000S\000i\000s\000t\000e\000m\000a\000\040\000D\000e\000s\000e\000n\000v\000o\000l\000v\000i\000d\000o}{chapter.5}% 75
\BOOKMARK [2][-]{subsection.5.1.1}{\376\377\000V\000i\000s\000\343\000o\000\040\000G\000e\000r\000a\000l\000\040\000d\000a\000\040\000A\000r\000q\000u\000i\000t\000e\000t\000u\000r\000a}{section.5.1}% 76
\BOOKMARK [2][-]{subsection.5.1.2}{\376\377\000C\000o\000m\000p\000o\000n\000e\000n\000t\000e\000s\000\040\000P\000r\000i\000n\000c\000i\000p\000a\000i\000s\000\040\000I\000m\000p\000l\000e\000m\000e\000n\000t\000a\000d\000o\000s}{section.5.1}% 77
\BOOKMARK [1][-]{section.5.2}{\376\377\000R\000e\000s\000u\000l\000t\000a\000d\000o\000s\000\040\000P\000r\000e\000l\000i\000m\000i\000n\000a\000r\000e\000s\000\040\000d\000o\000\040\000D\000e\000s\000e\000n\000v\000o\000l\000v\000i\000m\000e\000n\000t\000o}{chapter.5}% 78
\BOOKMARK [2][-]{subsection.5.2.1}{\376\377\000M\000e\000l\000h\000o\000r\000i\000a\000s\000\040\000d\000e\000\040\000P\000e\000r\000f\000o\000r\000m\000a\000n\000c\000e}{section.5.2}% 79
\BOOKMARK [2][-]{subsection.5.2.2}{\376\377\000I\000n\000t\000e\000g\000r\000a\000\347\000\343\000o\000\040\000c\000o\000m\000\040\000S\000i\000s\000t\000e\000m\000a\000s\000\040\000E\000x\000i\000s\000t\000e\000n\000t\000e\000s}{section.5.2}% 80
\BOOKMARK [2][-]{subsection.5.2.3}{\376\377\000Q\000u\000a\000l\000i\000d\000a\000d\000e\000\040\000d\000o\000\040\000C\000\363\000d\000i\000g\000o}{section.5.2}% 81
\BOOKMARK [2][-]{subsection.5.2.4}{\376\377\000E\000x\000p\000e\000r\000i\000\352\000n\000c\000i\000a\000\040\000d\000o\000\040\000U\000t\000i\000l\000i\000z\000a\000d\000o\000r}{section.5.2}% 82
\BOOKMARK [1][-]{section.5.3}{\376\377\000T\000e\000s\000t\000e\000s\000\040\000e\000m\000\040\000A\000m\000b\000i\000e\000n\000t\000e\000\040\000C\000o\000n\000t\000r\000o\000l\000a\000d\000o}{chapter.5}% 83
\BOOKMARK [1][-]{section.5.4}{\376\377\000M\000\351\000t\000r\000i\000c\000a\000s\000\040\000d\000e\000\040\000D\000e\000s\000e\000n\000v\000o\000l\000v\000i\000m\000e\000n\000t\000o}{chapter.5}% 84
\BOOKMARK [1][-]{section.5.5}{\376\377\000R\000e\000s\000u\000l\000t\000a\000d\000o\000s\000\040\000d\000a\000\040\000A\000v\000a\000l\000i\000a\000\347\000\343\000o\000\040\000P\000i\000l\000o\000t\000o}{chapter.5}% 85
\BOOKMARK [2][-]{subsection.5.5.1}{\376\377\000M\000\351\000t\000r\000i\000c\000a\000s\000\040\000d\000e\000\040\000S\000i\000s\000t\000e\000m\000a}{section.5.5}% 86
\BOOKMARK [2][-]{subsection.5.5.2}{\376\377\000M\000\351\000t\000r\000i\000c\000a\000s\000\040\000d\000e\000\040\000P\000e\000r\000f\000o\000r\000m\000a\000n\000c\000e\000\040\000O\000p\000e\000r\000a\000c\000i\000o\000n\000a\000l}{section.5.5}% 87
\BOOKMARK [1][-]{section.5.6}{\376\377\000I\000m\000p\000a\000c\000t\000o\000\040\000n\000a\000\040\000S\000e\000g\000u\000r\000a\000n\000\347\000a\000\040\000d\000o\000\040\000P\000a\000c\000i\000e\000n\000t\000e}{chapter.5}% 88
\BOOKMARK [2][-]{subsection.5.6.1}{\376\377\000M\000e\000l\000h\000o\000r\000i\000a\000\040\000n\000a\000\040\000R\000a\000s\000t\000r\000e\000a\000b\000i\000l\000i\000d\000a\000d\000e}{section.5.6}% 89
\BOOKMARK [1][-]{section.5.7}{\376\377\000E\000f\000i\000c\000i\000\352\000n\000c\000i\000a\000\040\000O\000p\000e\000r\000a\000c\000i\000o\000n\000a\000l}{chapter.5}% 90
\BOOKMARK [2][-]{subsection.5.7.1}{\376\377\000R\000e\000d\000u\000\347\000\343\000o\000\040\000d\000e\000\040\000T\000e\000m\000p\000o\000s\000\040\000d\000e\000\040\000P\000r\000o\000c\000e\000s\000s\000o}{section.5.7}% 91
\BOOKMARK [2][-]{subsection.5.7.2}{\376\377\000I\000m\000p\000a\000c\000t\000o\000\040\000n\000a\000\040\000C\000o\000m\000u\000n\000i\000c\000a\000\347\000\343\000o\000\040\000I\000n\000t\000e\000r\000d\000i\000s\000c\000i\000p\000l\000i\000n\000a\000r}{section.5.7}% 92
\BOOKMARK [1][-]{section.5.8}{\376\377\000A\000c\000e\000i\000t\000a\000\347\000\343\000o\000\040\000e\000\040\000S\000a\000t\000i\000s\000f\000a\000\347\000\343\000o\000\040\000d\000o\000s\000\040\000U\000t\000i\000l\000i\000z\000a\000d\000o\000r\000e\000s}{chapter.5}% 93
\BOOKMARK [1][-]{section.5.9}{\376\377\000A\000n\000\341\000l\000i\000s\000e\000\040\000d\000e\000\040\000C\000u\000s\000t\000o\000s\000\040\000e\000\040\000B\000e\000n\000e\000f\000\355\000c\000i\000o\000s}{chapter.5}% 94
\BOOKMARK [1][-]{section.5.10}{\376\377\000D\000e\000s\000e\000n\000v\000o\000l\000v\000i\000m\000e\000n\000t\000o\000\040\000F\000u\000t\000u\000r\000o}{chapter.5}% 95
\BOOKMARK [0][-]{chapter.6}{\376\377\000D\000i\000s\000c\000u\000s\000s\000\343\000o}{}% 96
\BOOKMARK [1][-]{section.6.1}{\376\377\000A\000n\000\341\000l\000i\000s\000e\000\040\000d\000o\000s\000\040\000R\000e\000s\000u\000l\000t\000a\000d\000o\000s}{chapter.6}% 97
\BOOKMARK [2][-]{subsection.6.1.1}{\376\377\000S\000u\000c\000e\000s\000s\000o\000\040\000d\000a\000\040\000I\000m\000p\000l\000e\000m\000e\000n\000t\000a\000\347\000\343\000o}{section.6.1}% 98
\BOOKMARK [2][-]{subsection.6.1.2}{\376\377\000F\000a\000t\000o\000r\000e\000s\000\040\000C\000r\000\355\000t\000i\000c\000o\000s\000\040\000d\000e\000\040\000S\000u\000c\000e\000s\000s\000o}{section.6.1}% 99
\BOOKMARK [1][-]{section.6.2}{\376\377\000D\000e\000s\000a\000f\000i\000o\000s\000\040\000E\000n\000c\000o\000n\000t\000r\000a\000d\000o\000s}{chapter.6}% 100
\BOOKMARK [2][-]{subsection.6.2.1}{\376\377\000D\000e\000s\000a\000f\000i\000o\000s\000\040\000T\000\351\000c\000n\000i\000c\000o\000s}{section.6.2}% 101
\BOOKMARK [2][-]{subsection.6.2.2}{\376\377\000D\000e\000s\000a\000f\000i\000o\000s\000\040\000O\000r\000g\000a\000n\000i\000z\000a\000c\000i\000o\000n\000a\000i\000s}{section.6.2}% 102
\BOOKMARK [1][-]{section.6.3}{\376\377\000L\000i\000\347\000\365\000e\000s\000\040\000A\000p\000r\000e\000n\000d\000i\000d\000a\000s}{chapter.6}% 103
\BOOKMARK [2][-]{subsection.6.3.1}{\376\377\000A\000s\000p\000e\000t\000o\000s\000\040\000P\000o\000s\000i\000t\000i\000v\000o\000s}{section.6.3}% 104
\BOOKMARK [2][-]{subsection.6.3.2}{\376\377\000\301\000r\000e\000a\000s\000\040\000d\000e\000\040\000M\000e\000l\000h\000o\000r\000i\000a}{section.6.3}% 105
\BOOKMARK [1][-]{section.6.4}{\376\377\000C\000o\000m\000p\000a\000r\000a\000\347\000\343\000o\000\040\000c\000o\000m\000\040\000L\000i\000t\000e\000r\000a\000t\000u\000r\000a}{chapter.6}% 106
\BOOKMARK [1][-]{section.6.5}{\376\377\000L\000i\000m\000i\000t\000a\000\347\000\365\000e\000s\000\040\000d\000o\000\040\000E\000s\000t\000u\000d\000o}{chapter.6}% 107
\BOOKMARK [2][-]{subsection.6.5.1}{\376\377\000L\000i\000m\000i\000t\000a\000\347\000\365\000e\000s\000\040\000M\000e\000t\000o\000d\000o\000l\000\363\000g\000i\000c\000a\000s}{section.6.5}% 108
\BOOKMARK [2][-]{subsection.6.5.2}{\376\377\000L\000i\000m\000i\000t\000a\000\347\000\365\000e\000s\000\040\000T\000\351\000c\000n\000i\000c\000a\000s}{section.6.5}% 109
\BOOKMARK [1][-]{section.6.6}{\376\377\000I\000m\000p\000l\000i\000c\000a\000\347\000\365\000e\000s\000\040\000P\000r\000\341\000t\000i\000c\000a\000s}{chapter.6}% 110
\BOOKMARK [2][-]{subsection.6.6.1}{\376\377\000P\000a\000r\000a\000\040\000a\000\040\000P\000r\000\341\000t\000i\000c\000a\000\040\000C\000l\000\355\000n\000i\000c\000a}{section.6.6}% 111
\BOOKMARK [2][-]{subsection.6.6.2}{\376\377\000P\000a\000r\000a\000\040\000G\000e\000s\000t\000o\000r\000e\000s\000\040\000H\000o\000s\000p\000i\000t\000a\000l\000a\000r\000e\000s}{section.6.6}% 112
\BOOKMARK [0][-]{chapter.7}{\376\377\000C\000o\000n\000c\000l\000u\000s\000\365\000e\000s\000\040\000e\000\040\000T\000r\000a\000b\000a\000l\000h\000o\000\040\000F\000u\000t\000u\000r\000o}{}% 113
\BOOKMARK [1][-]{section.7.1}{\376\377\000S\000\355\000n\000t\000e\000s\000e\000\040\000d\000o\000\040\000T\000r\000a\000b\000a\000l\000h\000o\000\040\000R\000e\000a\000l\000i\000z\000a\000d\000o}{chapter.7}% 114
\BOOKMARK [1][-]{section.7.2}{\376\377\000C\000o\000n\000t\000r\000i\000b\000u\000i\000\347\000\365\000e\000s\000\040\000C\000i\000e\000n\000t\000\355\000f\000i\000c\000a\000s}{chapter.7}% 115
\BOOKMARK [1][-]{section.7.3}{\376\377\000T\000r\000a\000b\000a\000l\000h\000o\000\040\000F\000u\000t\000u\000r\000o}{chapter.7}% 116
\BOOKMARK [2][-]{subsection.7.3.1}{\376\377\000D\000e\000s\000e\000n\000v\000o\000l\000v\000i\000m\000e\000n\000t\000o\000s\000\040\000T\000\351\000c\000n\000i\000c\000o\000s}{section.7.3}% 117
\BOOKMARK [2][-]{subsection.7.3.2}{\376\377\000E\000x\000p\000a\000n\000s\000\343\000o\000\040\000F\000u\000n\000c\000i\000o\000n\000a\000l}{section.7.3}% 118
\BOOKMARK [2][-]{subsection.7.3.3}{\376\377\000I\000n\000v\000e\000s\000t\000i\000g\000a\000\347\000\343\000o\000\040\000F\000u\000t\000u\000r\000a}{section.7.3}% 119
\BOOKMARK [1][-]{section.7.4}{\376\377\000R\000e\000c\000o\000m\000e\000n\000d\000a\000\347\000\365\000e\000s}{chapter.7}% 120
\BOOKMARK [2][-]{subsection.7.4.1}{\376\377\000P\000a\000r\000a\000\040\000I\000m\000p\000l\000e\000m\000e\000n\000t\000a\000d\000o\000r\000e\000s}{section.7.4}% 121
\BOOKMARK [2][-]{subsection.7.4.2}{\376\377\000P\000a\000r\000a\000\040\000D\000e\000c\000i\000s\000o\000r\000e\000s}{section.7.4}% 122
\BOOKMARK [1][-]{section.7.5}{\376\377\000C\000o\000n\000s\000i\000d\000e\000r\000a\000\347\000\365\000e\000s\000\040\000F\000i\000n\000a\000i\000s}{chapter.7}% 123
